<?xml version="1.0" encoding="UTF-8"?>
<testsuite xmlns:xsi="http://www.w3.org/2001/XMLSchema-instance" xsi:noNamespaceSchemaLocation="https://maven.apache.org/surefire/maven-surefire-plugin/xsd/surefire-test-report.xsd" name="TestSuite" time="30.362" tests="2" errors="0" skipped="0" failures="0">
  <properties>
    <property name="sun.desktop" value="gnome"/>
    <property name="awt.toolkit" value="sun.awt.X11.XToolkit"/>
    <property name="file.encoding.pkg" value="sun.io"/>
    <property name="java.specification.version" value="1.8"/>
    <property name="sun.cpu.isalist" value=""/>
    <property name="sun.jnu.encoding" value="UTF-8"/>
    <property name="java.class.path" value="/home/ramit/eclipse-workspace/BrowserMob-proxy-with-Selenium/target/test-classes:/home/ramit/eclipse-workspace/BrowserMob-proxy-with-Selenium/target/classes:/home/ramit/.m2/repository/org/testng/testng/7.1.0/testng-7.1.0.jar:/home/ramit/.m2/repository/com/beust/jcommander/1.72/jcommander-1.72.jar:/home/ramit/.m2/repository/com/google/inject/guice/4.1.0/guice-4.1.0-no_aop.jar:/home/ramit/.m2/repository/javax/inject/javax.inject/1/javax.inject-1.jar:/home/ramit/.m2/repository/aopalliance/aopalliance/1.0/aopalliance-1.0.jar:/home/ramit/.m2/repository/org/yaml/snakeyaml/1.21/snakeyaml-1.21.jar:/home/ramit/.m2/repository/org/seleniumhq/selenium/selenium-java/3.141.59/selenium-java-3.141.59.jar:/home/ramit/.m2/repository/org/seleniumhq/selenium/selenium-api/3.141.59/selenium-api-3.141.59.jar:/home/ramit/.m2/repository/org/seleniumhq/selenium/selenium-chrome-driver/3.141.59/selenium-chrome-driver-3.141.59.jar:/home/ramit/.m2/repository/org/seleniumhq/selenium/selenium-edge-driver/3.141.59/selenium-edge-driver-3.141.59.jar:/home/ramit/.m2/repository/org/seleniumhq/selenium/selenium-firefox-driver/3.141.59/selenium-firefox-driver-3.141.59.jar:/home/ramit/.m2/repository/org/seleniumhq/selenium/selenium-ie-driver/3.141.59/selenium-ie-driver-3.141.59.jar:/home/ramit/.m2/repository/org/seleniumhq/selenium/selenium-opera-driver/3.141.59/selenium-opera-driver-3.141.59.jar:/home/ramit/.m2/repository/org/seleniumhq/selenium/selenium-remote-driver/3.141.59/selenium-remote-driver-3.141.59.jar:/home/ramit/.m2/repository/org/seleniumhq/selenium/selenium-safari-driver/3.141.59/selenium-safari-driver-3.141.59.jar:/home/ramit/.m2/repository/org/seleniumhq/selenium/selenium-support/3.141.59/selenium-support-3.141.59.jar:/home/ramit/.m2/repository/net/bytebuddy/byte-buddy/1.8.15/byte-buddy-1.8.15.jar:/home/ramit/.m2/repository/org/apache/commons/commons-exec/1.3/commons-exec-1.3.jar:/home/ramit/.m2/repository/com/google/guava/guava/25.0-jre/guava-25.0-jre.jar:/home/ramit/.m2/repository/com/google/code/findbugs/jsr305/1.3.9/jsr305-1.3.9.jar:/home/ramit/.m2/repository/org/checkerframework/checker-compat-qual/2.0.0/checker-compat-qual-2.0.0.jar:/home/ramit/.m2/repository/com/google/errorprone/error_prone_annotations/2.1.3/error_prone_annotations-2.1.3.jar:/home/ramit/.m2/repository/com/google/j2objc/j2objc-annotations/1.1/j2objc-annotations-1.1.jar:/home/ramit/.m2/repository/org/codehaus/mojo/animal-sniffer-annotations/1.14/animal-sniffer-annotations-1.14.jar:/home/ramit/.m2/repository/com/squareup/okhttp3/okhttp/3.11.0/okhttp-3.11.0.jar:/home/ramit/.m2/repository/com/squareup/okio/okio/1.14.0/okio-1.14.0.jar:/home/ramit/.m2/repository/net/lightbody/bmp/browsermob-core/2.1.5/browsermob-core-2.1.5.jar:/home/ramit/.m2/repository/net/lightbody/bmp/littleproxy/1.1.0-beta-bmp-17/littleproxy-1.1.0-beta-bmp-17.jar:/home/ramit/.m2/repository/com/fasterxml/jackson/core/jackson-core/2.8.9/jackson-core-2.8.9.jar:/home/ramit/.m2/repository/com/fasterxml/jackson/core/jackson-databind/2.8.9/jackson-databind-2.8.9.jar:/home/ramit/.m2/repository/com/fasterxml/jackson/core/jackson-annotations/2.8.9/jackson-annotations-2.8.9.jar:/home/ramit/.m2/repository/dnsjava/dnsjava/2.1.8/dnsjava-2.1.8.jar:/home/ramit/.m2/repository/org/slf4j/slf4j-api/1.7.25/slf4j-api-1.7.25.jar:/home/ramit/.m2/repository/org/slf4j/jcl-over-slf4j/1.7.25/jcl-over-slf4j-1.7.25.jar:/home/ramit/.m2/repository/com/jcraft/jzlib/1.1.3/jzlib-1.1.3.jar:/home/ramit/.m2/repository/io/netty/netty-all/4.0.51.Final/netty-all-4.0.51.Final.jar:/home/ramit/.m2/repository/org/bouncycastle/bcprov-jdk15on/1.58/bcprov-jdk15on-1.58.jar:/home/ramit/.m2/repository/org/bouncycastle/bcpkix-jdk15on/1.58/bcpkix-jdk15on-1.58.jar:/home/ramit/.m2/repository/net/lightbody/bmp/mitm/2.1.5/mitm-2.1.5.jar:/home/ramit/.m2/repository/io/github/bonigarcia/webdrivermanager/3.8.1/webdrivermanager-3.8.1.jar:/home/ramit/.m2/repository/commons-io/commons-io/2.6/commons-io-2.6.jar:/home/ramit/.m2/repository/com/google/code/gson/gson/2.8.5/gson-2.8.5.jar:/home/ramit/.m2/repository/org/apache/commons/commons-lang3/3.8.1/commons-lang3-3.8.1.jar:/home/ramit/.m2/repository/org/apache/httpcomponents/httpclient/4.5.6/httpclient-4.5.6.jar:/home/ramit/.m2/repository/org/apache/httpcomponents/httpcore/4.4.10/httpcore-4.4.10.jar:/home/ramit/.m2/repository/commons-logging/commons-logging/1.2/commons-logging-1.2.jar:/home/ramit/.m2/repository/commons-codec/commons-codec/1.10/commons-codec-1.10.jar:/home/ramit/.m2/repository/org/rauschig/jarchivelib/1.0.0/jarchivelib-1.0.0.jar:/home/ramit/.m2/repository/org/apache/commons/commons-compress/1.18/commons-compress-1.18.jar:/home/ramit/.m2/repository/org/jsoup/jsoup/1.11.3/jsoup-1.11.3.jar:/home/ramit/.m2/repository/org/json/json/20180813/json-20180813.jar:/home/ramit/.m2/repository/de/sstoehr/har-reader/2.1.10/har-reader-2.1.10.jar:"/>
    <property name="java.vm.vendor" value="Private Build"/>
    <property name="sun.arch.data.model" value="64"/>
    <property name="application.properties" value="/application.properties"/>
    <property name="java.vendor.url" value="http://java.oracle.com/"/>
    <property name="user.timezone" value=""/>
    <property name="java.vm.specification.version" value="1.8"/>
    <property name="os.name" value="Linux"/>
    <property name="user.country" value="IN"/>
    <property name="sun.java.launcher" value="SUN_STANDARD"/>
    <property name="sun.boot.library.path" value="/usr/lib/jvm/java-8-openjdk-amd64/jre/lib/amd64"/>
    <property name="sun.java.command" value="/home/ramit/eclipse-workspace/BrowserMob-proxy-with-Selenium/target/surefire/surefirebooter6449630807331427005.jar /home/ramit/eclipse-workspace/BrowserMob-proxy-with-Selenium/target/surefire 2021-05-16T14-53-51_848-jvmRun1 surefire4055795282689465450tmp surefire_01604501732779116286tmp"/>
    <property name="surefire.test.class.path" value="/home/ramit/eclipse-workspace/BrowserMob-proxy-with-Selenium/target/test-classes:/home/ramit/eclipse-workspace/BrowserMob-proxy-with-Selenium/target/classes:/home/ramit/.m2/repository/org/testng/testng/7.1.0/testng-7.1.0.jar:/home/ramit/.m2/repository/com/beust/jcommander/1.72/jcommander-1.72.jar:/home/ramit/.m2/repository/com/google/inject/guice/4.1.0/guice-4.1.0-no_aop.jar:/home/ramit/.m2/repository/javax/inject/javax.inject/1/javax.inject-1.jar:/home/ramit/.m2/repository/aopalliance/aopalliance/1.0/aopalliance-1.0.jar:/home/ramit/.m2/repository/org/yaml/snakeyaml/1.21/snakeyaml-1.21.jar:/home/ramit/.m2/repository/org/seleniumhq/selenium/selenium-java/3.141.59/selenium-java-3.141.59.jar:/home/ramit/.m2/repository/org/seleniumhq/selenium/selenium-api/3.141.59/selenium-api-3.141.59.jar:/home/ramit/.m2/repository/org/seleniumhq/selenium/selenium-chrome-driver/3.141.59/selenium-chrome-driver-3.141.59.jar:/home/ramit/.m2/repository/org/seleniumhq/selenium/selenium-edge-driver/3.141.59/selenium-edge-driver-3.141.59.jar:/home/ramit/.m2/repository/org/seleniumhq/selenium/selenium-firefox-driver/3.141.59/selenium-firefox-driver-3.141.59.jar:/home/ramit/.m2/repository/org/seleniumhq/selenium/selenium-ie-driver/3.141.59/selenium-ie-driver-3.141.59.jar:/home/ramit/.m2/repository/org/seleniumhq/selenium/selenium-opera-driver/3.141.59/selenium-opera-driver-3.141.59.jar:/home/ramit/.m2/repository/org/seleniumhq/selenium/selenium-remote-driver/3.141.59/selenium-remote-driver-3.141.59.jar:/home/ramit/.m2/repository/org/seleniumhq/selenium/selenium-safari-driver/3.141.59/selenium-safari-driver-3.141.59.jar:/home/ramit/.m2/repository/org/seleniumhq/selenium/selenium-support/3.141.59/selenium-support-3.141.59.jar:/home/ramit/.m2/repository/net/bytebuddy/byte-buddy/1.8.15/byte-buddy-1.8.15.jar:/home/ramit/.m2/repository/org/apache/commons/commons-exec/1.3/commons-exec-1.3.jar:/home/ramit/.m2/repository/com/google/guava/guava/25.0-jre/guava-25.0-jre.jar:/home/ramit/.m2/repository/com/google/code/findbugs/jsr305/1.3.9/jsr305-1.3.9.jar:/home/ramit/.m2/repository/org/checkerframework/checker-compat-qual/2.0.0/checker-compat-qual-2.0.0.jar:/home/ramit/.m2/repository/com/google/errorprone/error_prone_annotations/2.1.3/error_prone_annotations-2.1.3.jar:/home/ramit/.m2/repository/com/google/j2objc/j2objc-annotations/1.1/j2objc-annotations-1.1.jar:/home/ramit/.m2/repository/org/codehaus/mojo/animal-sniffer-annotations/1.14/animal-sniffer-annotations-1.14.jar:/home/ramit/.m2/repository/com/squareup/okhttp3/okhttp/3.11.0/okhttp-3.11.0.jar:/home/ramit/.m2/repository/com/squareup/okio/okio/1.14.0/okio-1.14.0.jar:/home/ramit/.m2/repository/net/lightbody/bmp/browsermob-core/2.1.5/browsermob-core-2.1.5.jar:/home/ramit/.m2/repository/net/lightbody/bmp/littleproxy/1.1.0-beta-bmp-17/littleproxy-1.1.0-beta-bmp-17.jar:/home/ramit/.m2/repository/com/fasterxml/jackson/core/jackson-core/2.8.9/jackson-core-2.8.9.jar:/home/ramit/.m2/repository/com/fasterxml/jackson/core/jackson-databind/2.8.9/jackson-databind-2.8.9.jar:/home/ramit/.m2/repository/com/fasterxml/jackson/core/jackson-annotations/2.8.9/jackson-annotations-2.8.9.jar:/home/ramit/.m2/repository/dnsjava/dnsjava/2.1.8/dnsjava-2.1.8.jar:/home/ramit/.m2/repository/org/slf4j/slf4j-api/1.7.25/slf4j-api-1.7.25.jar:/home/ramit/.m2/repository/org/slf4j/jcl-over-slf4j/1.7.25/jcl-over-slf4j-1.7.25.jar:/home/ramit/.m2/repository/com/jcraft/jzlib/1.1.3/jzlib-1.1.3.jar:/home/ramit/.m2/repository/io/netty/netty-all/4.0.51.Final/netty-all-4.0.51.Final.jar:/home/ramit/.m2/repository/org/bouncycastle/bcprov-jdk15on/1.58/bcprov-jdk15on-1.58.jar:/home/ramit/.m2/repository/org/bouncycastle/bcpkix-jdk15on/1.58/bcpkix-jdk15on-1.58.jar:/home/ramit/.m2/repository/net/lightbody/bmp/mitm/2.1.5/mitm-2.1.5.jar:/home/ramit/.m2/repository/io/github/bonigarcia/webdrivermanager/3.8.1/webdrivermanager-3.8.1.jar:/home/ramit/.m2/repository/commons-io/commons-io/2.6/commons-io-2.6.jar:/home/ramit/.m2/repository/com/google/code/gson/gson/2.8.5/gson-2.8.5.jar:/home/ramit/.m2/repository/org/apache/commons/commons-lang3/3.8.1/commons-lang3-3.8.1.jar:/home/ramit/.m2/repository/org/apache/httpcomponents/httpclient/4.5.6/httpclient-4.5.6.jar:/home/ramit/.m2/repository/org/apache/httpcomponents/httpcore/4.4.10/httpcore-4.4.10.jar:/home/ramit/.m2/repository/commons-logging/commons-logging/1.2/commons-logging-1.2.jar:/home/ramit/.m2/repository/commons-codec/commons-codec/1.10/commons-codec-1.10.jar:/home/ramit/.m2/repository/org/rauschig/jarchivelib/1.0.0/jarchivelib-1.0.0.jar:/home/ramit/.m2/repository/org/apache/commons/commons-compress/1.18/commons-compress-1.18.jar:/home/ramit/.m2/repository/org/jsoup/jsoup/1.11.3/jsoup-1.11.3.jar:/home/ramit/.m2/repository/org/json/json/20180813/json-20180813.jar:/home/ramit/.m2/repository/de/sstoehr/har-reader/2.1.10/har-reader-2.1.10.jar:"/>
    <property name="sun.cpu.endian" value="little"/>
    <property name="user.home" value="/home/ramit"/>
    <property name="user.language" value="en"/>
    <property name="java.specification.vendor" value="Oracle Corporation"/>
    <property name="java.home" value="/usr/lib/jvm/java-8-openjdk-amd64/jre"/>
    <property name="basedir" value="/home/ramit/eclipse-workspace/BrowserMob-proxy-with-Selenium"/>
    <property name="file.separator" value="/"/>
    <property name="line.separator" value="&#10;"/>
    <property name="java.vm.specification.vendor" value="Oracle Corporation"/>
    <property name="java.specification.name" value="Java Platform API Specification"/>
    <property name="java.awt.graphicsenv" value="sun.awt.X11GraphicsEnvironment"/>
    <property name="surefire.real.class.path" value="/home/ramit/eclipse-workspace/BrowserMob-proxy-with-Selenium/target/surefire/surefirebooter6449630807331427005.jar"/>
    <property name="sun.boot.class.path" value="/usr/lib/jvm/java-8-openjdk-amd64/jre/lib/resources.jar:/usr/lib/jvm/java-8-openjdk-amd64/jre/lib/rt.jar:/usr/lib/jvm/java-8-openjdk-amd64/jre/lib/sunrsasign.jar:/usr/lib/jvm/java-8-openjdk-amd64/jre/lib/jsse.jar:/usr/lib/jvm/java-8-openjdk-amd64/jre/lib/jce.jar:/usr/lib/jvm/java-8-openjdk-amd64/jre/lib/charsets.jar:/usr/lib/jvm/java-8-openjdk-amd64/jre/lib/jfr.jar:/usr/lib/jvm/java-8-openjdk-amd64/jre/classes"/>
    <property name="sun.management.compiler" value="HotSpot 64-Bit Tiered Compilers"/>
    <property name="java.runtime.version" value="1.8.0_292-8u292-b10-0ubuntu1~20.04-b10"/>
    <property name="user.name" value="ramit"/>
    <property name="path.separator" value=":"/>
    <property name="os.version" value="5.8.0-50-generic"/>
    <property name="java.endorsed.dirs" value="/usr/lib/jvm/java-8-openjdk-amd64/jre/lib/endorsed"/>
    <property name="java.runtime.name" value="OpenJDK Runtime Environment"/>
    <property name="file.encoding" value="UTF-8"/>
    <property name="java.vm.name" value="OpenJDK 64-Bit Server VM"/>
    <property name="localRepository" value="/home/ramit/.m2/repository"/>
    <property name="java.vendor.url.bug" value="http://bugreport.sun.com/bugreport/"/>
    <property name="java.io.tmpdir" value="/tmp"/>
    <property name="java.version" value="1.8.0_292"/>
    <property name="user.dir" value="/home/ramit/eclipse-workspace/BrowserMob-proxy-with-Selenium"/>
    <property name="os.arch" value="amd64"/>
    <property name="java.vm.specification.name" value="Java Virtual Machine Specification"/>
    <property name="java.awt.printerjob" value="sun.print.PSPrinterJob"/>
    <property name="sun.os.patch.level" value="unknown"/>
    <property name="java.library.path" value="/usr/java/packages/lib/amd64:/usr/lib/x86_64-linux-gnu/jni:/lib/x86_64-linux-gnu:/usr/lib/x86_64-linux-gnu:/usr/lib/jni:/lib:/usr/lib"/>
    <property name="java.vm.info" value="mixed mode"/>
    <property name="java.vendor" value="Private Build"/>
    <property name="java.vm.version" value="25.292-b10"/>
    <property name="java.ext.dirs" value="/usr/lib/jvm/java-8-openjdk-amd64/jre/lib/ext:/usr/java/packages/lib/ext"/>
    <property name="sun.io.unicode.encoding" value="UnicodeLittle"/>
    <property name="java.class.version" value="52.0"/>
  </properties>
  <testcase name="login" classname="BrowserMobPOC.BrowserMobPOC.pages.FareyeLogin" time="14.897"/>
  <testcase name="search" classname="BrowserMobPOC.BrowserMobPOC.pages.GoogleSearch" time="8.734"/>
</testsuite>