<?xml version="1.0" encoding="UTF-8"?>
<!-- Generated by org.testng.reporters.JUnitReportReporter -->
<testsuite skipped="0" hostname="ramit-QA-2035ThinkPad-L14-Gen-1" name="BrowserMobPOC.BrowserMobPOC.pages.FareyeLogin" tests="1" failures="0" timestamp="2021-04-03T18:13:39 IST" time="14.560" errors="0">
  <testcase name="login" time="14.560" classname="BrowserMobPOC.BrowserMobPOC.pages.FareyeLogin"/>
  <system-out/>
</testsuite> <!-- BrowserMobPOC.BrowserMobPOC.pages.FareyeLogin -->
