<?xml version="1.0" encoding="UTF-8"?>
<!-- Generated by org.testng.reporters.JUnitReportReporter -->
<testsuite skipped="0" hostname="ramit-QA-ThinkPad-E490" name="BrowserMobPOC.BrowserMobPOC.pages.CaptureNetworkLogs" tests="1" failures="0" timestamp="2020-12-12T00:49:12 IST" time="20.278" errors="0">
  <testcase name="testCaseOne" time="20.278" classname="BrowserMobPOC.BrowserMobPOC.pages.CaptureNetworkLogs"/>
  <system-out/>
</testsuite> <!-- BrowserMobPOC.BrowserMobPOC.pages.CaptureNetworkLogs -->
