<?xml version="1.0" encoding="UTF-8"?>
<!-- Generated by org.testng.reporters.JUnitReportReporter -->
<testsuite skipped="0" hostname="ramit-QA-2035ThinkPad-L14-Gen-1" name="BrowserMobPOC.BrowserMobPOC.pages.GoogleSearch" tests="1" failures="0" timestamp="2021-04-03T18:13:39 IST" time="9.305" errors="0">
  <testcase name="search" time="9.305" classname="BrowserMobPOC.BrowserMobPOC.pages.GoogleSearch"/>
  <system-out/>
</testsuite> <!-- BrowserMobPOC.BrowserMobPOC.pages.GoogleSearch -->
