<?xml version="1.0" encoding="UTF-8"?>
<!-- Generated by org.testng.reporters.JUnitReportReporter -->
<testsuite skipped="0" hostname="ramit-QA-ThinkPad-E490" name="BrowserMobPOC.BrowserMobPOC.pages.CaptureNetworkLogs$BrowserMobPOC" tests="1" failures="0" timestamp="2020-12-12T00:24:03 IST" time="14.587" errors="0">
  <testcase name="testCaseOne" time="14.587" classname="BrowserMobPOC.BrowserMobPOC.pages.CaptureNetworkLogs$BrowserMobPOC"/>
  <system-out/>
</testsuite> <!-- BrowserMobPOC.BrowserMobPOC.pages.CaptureNetworkLogs$BrowserMobPOC -->
