<?xml version="1.0" encoding="UTF-8"?>
<!-- Generated by org.testng.reporters.JUnitReportReporter -->
<testsuite skipped="0" hostname="ramit-QA-ThinkPad-E490" name="BrowserMobPOC.BrowserMobPOC.pages.FareyeLogin" tests="1" failures="0" timestamp="2020-12-12T00:57:54 IST" time="19.068" errors="0">
  <testcase name="testCaseOne" time="19.068" classname="BrowserMobPOC.BrowserMobPOC.pages.FareyeLogin"/>
  <system-out/>
</testsuite> <!-- BrowserMobPOC.BrowserMobPOC.pages.FareyeLogin -->
