<?xml version="1.0" encoding="UTF-8"?>
<!-- Generated by org.testng.reporters.JUnitReportReporter -->
<testsuite skipped="0" hostname="ramit-QA-ThinkPad-E490" name="BrowserMobPOC.BrowserMobPOC.pages.GoogleSearch" tests="1" failures="0" timestamp="2020-12-16T16:58:08 IST" time="7.252" errors="0">
  <testcase name="search" time="7.252" classname="BrowserMobPOC.BrowserMobPOC.pages.GoogleSearch"/>
  <system-out/>
</testsuite> <!-- BrowserMobPOC.BrowserMobPOC.pages.GoogleSearch -->
