<?xml version="1.0" encoding="UTF-8"?>
<!-- Generated by org.testng.reporters.JUnitReportReporter -->
<testsuite skipped="0" hostname="ramit-QA-2035ThinkPad-L14-Gen-1" name="BrowserMobPOC.BrowserMobPOC.pages.GoogleSearch" tests="1" failures="0" timestamp="2021-05-16T14:54:22 IST" time="8.733" errors="0">
  <testcase name="search" time="8.733" classname="BrowserMobPOC.BrowserMobPOC.pages.GoogleSearch"/>
  <system-out/>
</testsuite> <!-- BrowserMobPOC.BrowserMobPOC.pages.GoogleSearch -->
